2006.01.18 15:18 B C:\Documents and Settings\Venkatesh\Desktop\Projects\research\Cornell\TrapezeBlocks\blocksdaemon.asv --> web.mae.cornell.edu /Control/Guru/Projects/research/Cornell/TrapezeBlocks blocksdaemon.asv
2006.01.18 15:18 B C:\Documents and Settings\Venkatesh\Desktop\Projects\research\Cornell\TrapezeBlocks\blocksdaemon.m --> web.mae.cornell.edu /Control/Guru/Projects/research/Cornell/TrapezeBlocks blocksdaemon.m
2006.01.18 15:18 B C:\Documents and Settings\Venkatesh\Desktop\Projects\research\Cornell\TrapezeBlocks\blocksdraw.asv --> web.mae.cornell.edu /Control/Guru/Projects/research/Cornell/TrapezeBlocks blocksdraw.asv
2006.01.18 15:18 B C:\Documents and Settings\Venkatesh\Desktop\Projects\research\Cornell\TrapezeBlocks\blocksdraw.m --> web.mae.cornell.edu /Control/Guru/Projects/research/Cornell/TrapezeBlocks blocksdraw.m
2006.01.18 15:18 B C:\Documents and Settings\Venkatesh\Desktop\Projects\research\Cornell\TrapezeBlocks\blocksdrawold.m --> web.mae.cornell.edu /Control/Guru/Projects/research/Cornell/TrapezeBlocks blocksdrawold.m
2006.01.18 15:18 B C:\Documents and Settings\Venkatesh\Desktop\Projects\research\Cornell\TrapezeBlocks\pendcart.asv --> web.mae.cornell.edu /Control/Guru/Projects/research/Cornell/TrapezeBlocks pendcart.asv
2006.01.18 15:18 B C:\Documents and Settings\Venkatesh\Desktop\Projects\research\Cornell\TrapezeBlocks\pendcart.m --> web.mae.cornell.edu /Control/Guru/Projects/research/Cornell/TrapezeBlocks pendcart.m
2006.01.18 15:18 B C:\Documents and Settings\Venkatesh\Desktop\Projects\research\Cornell\TrapezeBlocks\trapblocksinit.asv --> web.mae.cornell.edu /Control/Guru/Projects/research/Cornell/TrapezeBlocks trapblocksinit.asv
2006.01.18 15:18 B C:\Documents and Settings\Venkatesh\Desktop\Projects\research\Cornell\TrapezeBlocks\trapblocksinit.m --> web.mae.cornell.edu /Control/Guru/Projects/research/Cornell/TrapezeBlocks trapblocksinit.m
2006.01.18 23:13 B C:\Documents and Settings\Venkatesh\Desktop\Projects\research\Cornell\TrapezeBlocks\blocksdaemon.asv --> web.mae.cornell.edu /Control/Guru/Projects/research/Cornell/TrapezeBlocks blocksdaemon.asv
2006.01.18 23:13 B C:\Documents and Settings\Venkatesh\Desktop\Projects\research\Cornell\TrapezeBlocks\blocksdaemon.m --> web.mae.cornell.edu /Control/Guru/Projects/research/Cornell/TrapezeBlocks blocksdaemon.m
2006.01.18 23:13 B C:\Documents and Settings\Venkatesh\Desktop\Projects\research\Cornell\TrapezeBlocks\blocksdaemonold.m --> web.mae.cornell.edu /Control/Guru/Projects/research/Cornell/TrapezeBlocks blocksdaemonold.m
2006.01.18 23:13 B C:\Documents and Settings\Venkatesh\Desktop\Projects\research\Cornell\TrapezeBlocks\blocksdraw.asv --> web.mae.cornell.edu /Control/Guru/Projects/research/Cornell/TrapezeBlocks blocksdraw.asv
2006.01.18 23:13 B C:\Documents and Settings\Venkatesh\Desktop\Projects\research\Cornell\TrapezeBlocks\blocksdraw.m --> web.mae.cornell.edu /Control/Guru/Projects/research/Cornell/TrapezeBlocks blocksdraw.m
2006.01.18 23:13 B C:\Documents and Settings\Venkatesh\Desktop\Projects\research\Cornell\TrapezeBlocks\tester.asv --> web.mae.cornell.edu /Control/Guru/Projects/research/Cornell/TrapezeBlocks tester.asv
2006.01.18 23:13 B C:\Documents and Settings\Venkatesh\Desktop\Projects\research\Cornell\TrapezeBlocks\tester.m --> web.mae.cornell.edu /Control/Guru/Projects/research/Cornell/TrapezeBlocks tester.m
2006.01.18 23:13 B C:\Documents and Settings\Venkatesh\Desktop\Projects\research\Cornell\TrapezeBlocks\trapblocksinit.asv --> web.mae.cornell.edu /Control/Guru/Projects/research/Cornell/TrapezeBlocks trapblocksinit.asv
2006.01.18 23:13 B C:\Documents and Settings\Venkatesh\Desktop\Projects\research\Cornell\TrapezeBlocks\trapblocksinit.m --> web.mae.cornell.edu /Control/Guru/Projects/research/Cornell/TrapezeBlocks trapblocksinit.m
2006.01.18 23:13 B C:\Documents and Settings\Venkatesh\Desktop\Projects\research\Cornell\TrapezeBlocks\WS_FTP.LOG --> web.mae.cornell.edu /Control/Guru/Projects/research/Cornell/TrapezeBlocks WS_FTP.LOG
2006.01.19 13:46 B C:\Documents and Settings\Venkatesh\Desktop\Projects\research\Cornell\TrapezeBlocks\blocksdaemon.asv --> web.mae.cornell.edu /Control/Guru/Projects/research/Cornell/TrapezeBlocks blocksdaemon.asv
2006.01.19 13:46 B C:\Documents and Settings\Venkatesh\Desktop\Projects\research\Cornell\TrapezeBlocks\blocksdaemon.m --> web.mae.cornell.edu /Control/Guru/Projects/research/Cornell/TrapezeBlocks blocksdaemon.m
2006.01.19 13:46 B C:\Documents and Settings\Venkatesh\Desktop\Projects\research\Cornell\TrapezeBlocks\trapblocksinit.asv --> web.mae.cornell.edu /Control/Guru/Projects/research/Cornell/TrapezeBlocks trapblocksinit.asv
2006.01.19 13:46 B C:\Documents and Settings\Venkatesh\Desktop\Projects\research\Cornell\TrapezeBlocks\trapblocksinit.m --> web.mae.cornell.edu /Control/Guru/Projects/research/Cornell/TrapezeBlocks trapblocksinit.m
2006.01.19 13:46 B C:\Documents and Settings\Venkatesh\Desktop\Projects\research\Cornell\TrapezeBlocks\WS_FTP.LOG --> web.mae.cornell.edu /Control/Guru/Projects/research/Cornell/TrapezeBlocks WS_FTP.LOG
2006.01.19 14:42 B C:\Documents and Settings\Venkatesh\Desktop\Projects\research\Cornell\TrapezeBlocks\blocksdaemon.m --> web.mae.cornell.edu /Control/Guru/Projects/research/Cornell/TrapezeBlocks blocksdaemon.m
2006.01.19 14:42 B C:\Documents and Settings\Venkatesh\Desktop\Projects\research\Cornell\TrapezeBlocks\trapblocksinit.asv --> web.mae.cornell.edu /Control/Guru/Projects/research/Cornell/TrapezeBlocks trapblocksinit.asv
2006.01.19 14:42 B C:\Documents and Settings\Venkatesh\Desktop\Projects\research\Cornell\TrapezeBlocks\trapblocksinit.m --> web.mae.cornell.edu /Control/Guru/Projects/research/Cornell/TrapezeBlocks trapblocksinit.m
2006.01.19 14:42 B C:\Documents and Settings\Venkatesh\Desktop\Projects\research\Cornell\TrapezeBlocks\WS_FTP.LOG --> web.mae.cornell.edu /Control/Guru/Projects/research/Cornell/TrapezeBlocks WS_FTP.LOG
2006.01.19 16:07 B C:\Documents and Settings\Venkatesh\Desktop\Projects\research\Cornell\TrapezeBlocks\pendcart.asv --> web.mae.cornell.edu /Control/Guru/Projects/research/Cornell/TrapezeBlocks pendcart.asv
2006.01.19 16:07 B C:\Documents and Settings\Venkatesh\Desktop\Projects\research\Cornell\TrapezeBlocks\pendcart.m --> web.mae.cornell.edu /Control/Guru/Projects/research/Cornell/TrapezeBlocks pendcart.m
2006.01.19 16:07 B C:\Documents and Settings\Venkatesh\Desktop\Projects\research\Cornell\TrapezeBlocks\pendcartold.m --> web.mae.cornell.edu /Control/Guru/Projects/research/Cornell/TrapezeBlocks pendcartold.m
2006.01.19 16:07 B C:\Documents and Settings\Venkatesh\Desktop\Projects\research\Cornell\TrapezeBlocks\WS_FTP.LOG --> web.mae.cornell.edu /Control/Guru/Projects/research/Cornell/TrapezeBlocks WS_FTP.LOG
